/* Safe Exam Browser, Version 3.6.0 (x64), Build 3.6.0.633
/* Copyright © 2023 ETH Zürich, Educational Development and Technology (LET)
/* 
/* Please visit https://www.github.com/SafeExamBrowser for more information.

# Application started at 2024-01-26 23:51:26.008
# Running on Windows 11, Microsoft Windows NT 10.0.22631.0 (x64)
# Computer 'DESKTOP-75M8DFC' is a 103C_5335KV HP Notebook HP Laptop 14s-dq2xxx manufactured by HP
# Runtime-ID: dc00103c-6cd9-4222-aad7-39e805987908

2024-01-26 23:51:27.487 [09] - INFO: Initiating startup procedure...
2024-01-26 23:51:27.562 [09] - INFO: Loading text data...
2024-01-26 23:51:27.564 [09] - DEBUG: [Text] System language is 'en', trying to load data...
2024-01-26 23:51:27.571 [09] - DEBUG: [Text] Data successfully loaded.
2024-01-26 23:51:27.573 [09] - INFO: Starting communication host...
2024-01-26 23:51:27.610 [06] - DEBUG: [RuntimeHost] Communication host is opening...
2024-01-26 23:51:27.675 [06] - DEBUG: [RuntimeHost] Communication host has been opened.
2024-01-26 23:51:27.676 [06] - DEBUG: [RuntimeHost] Successfully started communication host for endpoint 'net.pipe://localhost/safeexambrowser/runtime/2cb91fdc-4d0f-445f-bf06-8f92c438d5bf'.
2024-01-26 23:51:27.678 [09] - INFO: Attempting to verify application integrity...
2024-01-26 23:51:27.849 [09] - INFO: Application integrity successfully verified.
2024-01-26 23:51:27.852 [09] - INFO: Application successfully initialized.

2024-01-26 23:51:27.881 [09] - INFO: ### ------------------------------------ Session Start Procedure ------------------------------------- ###
2024-01-26 23:51:27.885 [09] - INFO: Initializing new session configuration...
2024-01-26 23:51:27.887 [09] - INFO:  -> Client-ID: a6ca0c82-908c-4595-863d-8f95d457194d
2024-01-26 23:51:27.888 [09] - INFO:  -> Runtime-ID: dc00103c-6cd9-4222-aad7-39e805987908
2024-01-26 23:51:27.889 [09] - INFO:  -> Session-ID: 78b601ee-0bc2-433f-884e-be4417471221
2024-01-26 23:51:27.890 [09] - INFO: Initializing application configuration...
2024-01-26 23:51:27.892 [09] - INFO: Found command-line argument for configuration resource: 'file:///C:/Users/hp/Downloads/E-Box_Browser.seb', the URI is valid.
2024-01-26 23:51:27.903 [09] - INFO: [ConfigurationRepository] Initialized default settings, now attempting to load 'file:///C:/Users/hp/AppData/Roaming/SafeExamBrowser/SebClientSettings.seb'...
2024-01-26 23:51:27.917 [09] - DEBUG: [FileResourceLoader] Can load 'file:///C:/Users/hp/AppData/Roaming/SafeExamBrowser/SebClientSettings.seb' as it is an existing file.
2024-01-26 23:51:27.917 [09] - DEBUG: [FileResourceLoader] Loading data from 'file:///C:/Users/hp/AppData/Roaming/SafeExamBrowser/SebClientSettings.seb'...
2024-01-26 23:51:27.917 [09] - DEBUG: [FileResourceLoader] Created 'System.IO.FileStream' for 3.725 KB data in 'file:///C:/Users/hp/AppData/Roaming/SafeExamBrowser/SebClientSettings.seb'.
2024-01-26 23:51:27.921 [09] - INFO: [ConfigurationRepository] Tried to load data from 'file:///C:/Users/hp/AppData/Roaming/SafeExamBrowser/SebClientSettings.seb' using FileResourceLoader -> Result: Success.
2024-01-26 23:51:27.924 [09] - DEBUG: [BinaryParser] 'System.IO.FileStream' starting with 'pwcc' matches the Binary format.
2024-01-26 23:51:27.928 [09] - DEBUG: [GZipCompressor] Starting decompression of 'System.IO.FileStream' with 3.725 KB data...
2024-01-26 23:51:27.931 [09] - DEBUG: [GZipCompressor] Successfully decompressed 3.725 KB to 3.702 KB data.
2024-01-26 23:51:27.934 [09] - DEBUG: [BinaryParser] Attempting to parse password block with prefix 'pwcc'...
2024-01-26 23:51:27.938 [09] - DEBUG: [PasswordEncryption] Parsing encryption header...
2024-01-26 23:51:27.942 [09] - DEBUG: [PasswordEncryption] Generating keys for authentication and decryption...
2024-01-26 23:51:28.185 [09] - DEBUG: [PasswordEncryption] Generating HMACs for authentication...
2024-01-26 23:51:28.185 [09] - DEBUG: [PasswordEncryption] Decrypting data...
2024-01-26 23:51:28.185 [09] - DEBUG: [GZipCompressor] Starting decompression of 'System.IO.MemoryStream' with 3.631 KB data...
2024-01-26 23:51:28.202 [09] - DEBUG: [GZipCompressor] Successfully decompressed 3.631 KB to 45.877 KB data.
2024-01-26 23:51:28.203 [09] - DEBUG: [BinaryParser] Attempting to parse plain data block...
2024-01-26 23:51:28.205 [09] - DEBUG: [XmlParser] Found root node, starting to parse data...
2024-01-26 23:51:28.205 [09] - DEBUG: [XmlParser] Finished parsing -> Result: Success.
2024-01-26 23:51:28.205 [09] - INFO: [ConfigurationRepository] Tried to parse data from 'System.IO.FileStream' using BinaryParser -> Result: Success.
2024-01-26 23:51:28.265 [09] - INFO: [ConfigurationRepository] Initialized default settings, now attempting to load 'file:///C:/Users/hp/Downloads/E-Box_Browser.seb'...
2024-01-26 23:51:28.265 [09] - DEBUG: [FileResourceLoader] Can load 'file:///C:/Users/hp/Downloads/E-Box_Browser.seb' as it is an existing file.
2024-01-26 23:51:28.265 [09] - DEBUG: [FileResourceLoader] Loading data from 'file:///C:/Users/hp/Downloads/E-Box_Browser.seb'...
2024-01-26 23:51:28.265 [09] - DEBUG: [FileResourceLoader] Created 'System.IO.FileStream' for 3.773 KB data in 'file:///C:/Users/hp/Downloads/E-Box_Browser.seb'.
2024-01-26 23:51:28.281 [09] - INFO: [ConfigurationRepository] Tried to load data from 'file:///C:/Users/hp/Downloads/E-Box_Browser.seb' using FileResourceLoader -> Result: Success.
2024-01-26 23:51:28.282 [09] - DEBUG: [BinaryParser] 'System.IO.FileStream' starting with 'pwcc' matches the Binary format.
2024-01-26 23:51:28.283 [09] - DEBUG: [GZipCompressor] Starting decompression of 'System.IO.FileStream' with 3.773 KB data...
2024-01-26 23:51:28.283 [09] - DEBUG: [GZipCompressor] Successfully decompressed 3.773 KB to 3.75 KB data.
2024-01-26 23:51:28.283 [09] - DEBUG: [BinaryParser] Attempting to parse password block with prefix 'pwcc'...
2024-01-26 23:51:28.283 [09] - DEBUG: [PasswordEncryption] Parsing encryption header...
2024-01-26 23:51:28.283 [09] - DEBUG: [PasswordEncryption] Generating keys for authentication and decryption...
2024-01-26 23:51:28.535 [09] - DEBUG: [PasswordEncryption] Generating HMACs for authentication...
2024-01-26 23:51:28.535 [09] - DEBUG: [PasswordEncryption] Decrypting data...
2024-01-26 23:51:28.535 [09] - DEBUG: [GZipCompressor] Starting decompression of 'System.IO.MemoryStream' with 3.679 KB data...
2024-01-26 23:51:28.535 [09] - DEBUG: [GZipCompressor] Successfully decompressed 3.679 KB to 45.919 KB data.
2024-01-26 23:51:28.545 [09] - DEBUG: [BinaryParser] Attempting to parse plain data block...
2024-01-26 23:51:28.545 [09] - DEBUG: [XmlParser] Found root node, starting to parse data...
2024-01-26 23:51:28.548 [09] - DEBUG: [XmlParser] Finished parsing -> Result: Success.
2024-01-26 23:51:28.548 [09] - INFO: [ConfigurationRepository] Tried to parse data from 'System.IO.FileStream' using BinaryParser -> Result: Success.
2024-01-26 23:51:28.551 [09] - INFO: Starting client configuration...
2024-01-26 23:51:28.551 [09] - INFO: Authentication is not required.
2024-01-26 23:51:28.556 [09] - INFO: [ConfigurationRepository] Attempting to configure local client with 'file:///C:/Users/hp/Downloads/E-Box_Browser.seb'...
2024-01-26 23:51:28.556 [09] - DEBUG: [FileResourceLoader] Can load 'file:///C:/Users/hp/Downloads/E-Box_Browser.seb' as it is an existing file.
2024-01-26 23:51:28.556 [09] - DEBUG: [FileResourceLoader] Loading data from 'file:///C:/Users/hp/Downloads/E-Box_Browser.seb'...
2024-01-26 23:51:28.556 [09] - DEBUG: [FileResourceLoader] Created 'System.IO.FileStream' for 3.773 KB data in 'file:///C:/Users/hp/Downloads/E-Box_Browser.seb'.
2024-01-26 23:51:28.556 [09] - INFO: [ConfigurationRepository] Tried to load data from 'file:///C:/Users/hp/Downloads/E-Box_Browser.seb' using FileResourceLoader -> Result: Success.
2024-01-26 23:51:28.556 [09] - DEBUG: [BinaryParser] 'System.IO.FileStream' starting with 'pwcc' matches the Binary format.
2024-01-26 23:51:28.556 [09] - DEBUG: [GZipCompressor] Starting decompression of 'System.IO.FileStream' with 3.773 KB data...
2024-01-26 23:51:28.556 [09] - DEBUG: [GZipCompressor] Successfully decompressed 3.773 KB to 3.75 KB data.
2024-01-26 23:51:28.556 [09] - DEBUG: [BinaryParser] Attempting to parse password block with prefix 'pwcc'...
2024-01-26 23:51:28.556 [09] - DEBUG: [PasswordEncryption] Parsing encryption header...
2024-01-26 23:51:28.567 [09] - DEBUG: [PasswordEncryption] Generating keys for authentication and decryption...
2024-01-26 23:51:28.693 [09] - DEBUG: [PasswordEncryption] Generating HMACs for authentication...
2024-01-26 23:51:28.693 [09] - DEBUG: [PasswordEncryption] Decrypting data...
2024-01-26 23:51:28.693 [09] - DEBUG: [GZipCompressor] Starting decompression of 'System.IO.MemoryStream' with 3.679 KB data...
2024-01-26 23:51:28.697 [09] - DEBUG: [GZipCompressor] Successfully decompressed 3.679 KB to 45.919 KB data.
2024-01-26 23:51:28.698 [09] - DEBUG: [BinaryParser] Attempting to parse plain data block...
2024-01-26 23:51:28.698 [09] - DEBUG: [XmlParser] Found root node, starting to parse data...
2024-01-26 23:51:28.698 [09] - DEBUG: [XmlParser] Finished parsing -> Result: Success.
2024-01-26 23:51:28.698 [09] - INFO: [ConfigurationRepository] Tried to parse data from 'System.IO.FileStream' using BinaryParser -> Result: Success.
2024-01-26 23:51:28.698 [09] - DEBUG: [BinarySerializer] Attempting to serialize plain data block...
2024-01-26 23:51:28.698 [09] - DEBUG: [XmlSerializer] Starting to serialize data...
2024-01-26 23:51:28.698 [09] - DEBUG: [XmlSerializer] Finished serialization -> Result: Success.
2024-01-26 23:51:28.698 [09] - DEBUG: [GZipCompressor] Starting compression of 'System.IO.MemoryStream' with 45.877 KB data...
2024-01-26 23:51:28.698 [09] - DEBUG: [GZipCompressor] Successfully compressed 45.877 KB to 3.631 KB data.
2024-01-26 23:51:28.709 [09] - DEBUG: [BinarySerializer] Attempting to serialize password block...
2024-01-26 23:51:28.709 [09] - DEBUG: [PasswordEncryption] Generating keys for authentication and encryption...
2024-01-26 23:51:28.818 [09] - DEBUG: [PasswordEncryption] Encrypting data...
2024-01-26 23:51:28.818 [09] - DEBUG: [PasswordEncryption] Writing encryption parameters...
2024-01-26 23:51:28.818 [09] - DEBUG: [PasswordEncryption] Generating HMAC for authentication...
2024-01-26 23:51:28.818 [09] - DEBUG: [GZipCompressor] Starting compression of 'System.IO.MemoryStream' with 3.702 KB data...
2024-01-26 23:51:28.818 [09] - DEBUG: [GZipCompressor] Successfully compressed 3.702 KB to 3.725 KB data.
2024-01-26 23:51:28.818 [09] - INFO: [ConfigurationRepository] Tried to serialize data as 'Binary' using BinarySerializer -> Result: Success.
2024-01-26 23:51:28.818 [09] - DEBUG: [FileResourceSaver] Can save data as 'file:///C:/Users/hp/AppData/Roaming/SafeExamBrowser/SebClientSettings.seb' since it defines an absolute file path.
2024-01-26 23:51:28.818 [09] - DEBUG: [FileResourceSaver] Attempting to save 'System.IO.MemoryStream' with 3.725 KB data as 'file:///C:/Users/hp/AppData/Roaming/SafeExamBrowser/SebClientSettings.seb'...
2024-01-26 23:51:28.818 [09] - DEBUG: [FileResourceSaver] Successfully saved data as 'file:///C:/Users/hp/AppData/Roaming/SafeExamBrowser/SebClientSettings.seb'.
2024-01-26 23:51:28.818 [09] - INFO: [ConfigurationRepository] Tried to save data as 'file:///C:/Users/hp/AppData/Roaming/SafeExamBrowser/SebClientSettings.seb' using FileResourceSaver -> Result: Success.
2024-01-26 23:51:28.834 [09] - INFO: Client configuration was successful.
2024-01-26 23:51:30.391 [09] - INFO: The user chose to continue startup after successful client configuration.
2024-01-26 23:51:30.400 [09] - INFO: The configuration was successful.
2024-01-26 23:51:30.408 [09] - INFO: Validating version restrictions...
2024-01-26 23:51:30.408 [09] - INFO: There are no version restrictions for the configuration.
2024-01-26 23:51:30.415 [09] - INFO: Remote proctoring is disabled, skipping disclaimer.
2024-01-26 23:51:30.418 [09] - INFO: Validating remote session policy...
2024-01-26 23:51:30.421 [09] - DEBUG: [RemoteSessionDetector] System appears not to be running in a remote session.
2024-01-26 23:51:30.424 [09] - INFO: Attempting to verify cursor configuration...
2024-01-26 23:51:30.427 [09] - INFO: Cursor configuration successfully verified.
2024-01-26 23:51:30.432 [09] - INFO: Attempting to verify ease of access configuration...
2024-01-26 23:51:30.432 [09] - INFO: Ease of access configuration successfully verified.
2024-01-26 23:51:30.434 [09] - INFO: Validating virtual machine policy...
2024-01-26 23:51:30.437 [09] - INFO: Validating display configuration...
2024-01-26 23:51:30.479 [09] - INFO: [DisplayMonitor] Detected active, internal display 'DISPLAY\CMN142D\4&5140842&0&UID8388688_0' connected via 'Internal'.
2024-01-26 23:51:30.484 [09] - INFO: [DisplayMonitor] Detected 1 active displays, 1 are allowed.
2024-01-26 23:51:30.484 [09] - INFO: Display configuration is allowed.
2024-01-26 23:51:30.486 [09] - INFO: Initializing service...
2024-01-26 23:51:30.486 [09] - INFO: The service will be ignored for the next session.
2024-01-26 23:51:30.490 [09] - INFO: Initializing kiosk mode 'CreateNewDesktop'...
2024-01-26 23:51:30.494 [09] - DEBUG: [DesktopFactory] Found desktop handle for thread with ID = 12748. Attempting to get desktop name...
2024-01-26 23:51:30.497 [09] - DEBUG: [DesktopFactory] Successfully determined current desktop 'Default' [280].
2024-01-26 23:51:30.497 [09] - INFO: Current desktop is 'Default' [280].
2024-01-26 23:51:30.499 [09] - DEBUG: [DesktopFactory] Attempting to create random desktop...
2024-01-26 23:51:30.502 [09] - DEBUG: [DesktopFactory] Successfully created random desktop 'UIXhwRHjrw' [1327].
2024-01-26 23:51:30.505 [09] - INFO: Created custom desktop 'UIXhwRHjrw' [1327].
2024-01-26 23:51:30.528 [09] - INFO: Successfully activated custom desktop.
2024-01-26 23:51:30.537 [09] - INFO: [DesktopMonitor] Started monitoring desktop 'UIXhwRHjrw' [1327].
2024-01-26 23:51:30.542 [09] - INFO: Starting new client process...
2024-01-26 23:51:30.545 [09] - INFO: [ProcessFactory] Attempting to start process 'C:\Program Files\SafeExamBrowser\Application\SafeExamBrowser.Client.exe'...
2024-01-26 23:51:30.549 [09] - ERROR: [ProcessFactory] Failed to start process 'C:\Program Files\SafeExamBrowser\Application\SafeExamBrowser.Client.exe' on desktop ''UIXhwRHjrw' [1327]'! Error code: 2.
2024-01-26 23:51:30.559 [09] - ERROR: Caught unexpected exception while performing operation 'ClientOperation'!

   Exception Message: The system cannot find the file specified
   Exception Type: System.ComponentModel.Win32Exception

   at SafeExamBrowser.WindowsApi.Processes.ProcessFactory.StartOnDesktop(String path, String[] args) in C:\Users\appveyor\projects\seb-win-refactoring-phv3mbelx16fm9ou\SafeExamBrowser.WindowsApi\Processes\ProcessFactory.cs:line 207
   at SafeExamBrowser.WindowsApi.Processes.ProcessFactory.StartNew(String path, String[] args) in C:\Users\appveyor\projects\seb-win-refactoring-phv3mbelx16fm9ou\SafeExamBrowser.WindowsApi\Processes\ProcessFactory.cs:line 63
   at SafeExamBrowser.Runtime.Operations.ClientOperation.TryStartClient() in C:\Users\appveyor\projects\seb-win-refactoring-phv3mbelx16fm9ou\SafeExamBrowser.Runtime\Operations\ClientOperation.cs:line 119
   at SafeExamBrowser.Runtime.Operations.ClientOperation.Perform() in C:\Users\appveyor\projects\seb-win-refactoring-phv3mbelx16fm9ou\SafeExamBrowser.Runtime\Operations\ClientOperation.cs:line 67
   at SafeExamBrowser.Core.OperationModel.OperationSequence.Perform() in C:\Users\appveyor\projects\seb-win-refactoring-phv3mbelx16fm9ou\SafeExamBrowser.Core\OperationModel\OperationSequence.cs:line 108

2024-01-26 23:51:30.559 [09] - INFO: Reverting kiosk mode 'CreateNewDesktop'...
2024-01-26 23:51:30.568 [09] - INFO: [DesktopMonitor] Stopped monitoring desktop 'UIXhwRHjrw' [1327].
2024-01-26 23:51:30.586 [09] - INFO: Switched back to original desktop 'Default' [280].
2024-01-26 23:51:30.591 [09] - INFO: Closed custom desktop 'UIXhwRHjrw' [1327].
2024-01-26 23:51:30.596 [09] - INFO: Finalizing service...
2024-01-26 23:51:30.602 [09] - INFO: ### -------------------------------------- Session Start Failed -------------------------------------- ###

2024-01-26 23:51:32.190 [09] - INFO: Initiating shutdown procedure...
2024-01-26 23:51:32.191 [09] - INFO: Stopping communication host...
2024-01-26 23:51:32.194 [09] - DEBUG: [RuntimeHost] Communication host is closing...
2024-01-26 23:51:32.202 [09] - DEBUG: [RuntimeHost] Communication host has been closed.
2024-01-26 23:51:32.204 [09] - DEBUG: [RuntimeHost] Terminated communication host for endpoint 'net.pipe://localhost/safeexambrowser/runtime/2cb91fdc-4d0f-445f-bf06-8f92c438d5bf'.
2024-01-26 23:51:32.205 [09] - INFO: Application successfully finalized.

# Application terminated at 2024-01-26 23:51:32.230
