/* Safe Exam Browser, Version 3.6.0 (x64), Build 3.6.0.633
/* Copyright © 2023 ETH Zürich, Educational Development and Technology (LET)
/* 
/* Please visit https://www.github.com/SafeExamBrowser for more information.

# Application started at 2024-01-26 23:48:43.218
# Running on Windows 11, Microsoft Windows NT 10.0.22631.0 (x64)
# Computer 'DESKTOP-75M8DFC' is a 103C_5335KV HP Notebook HP Laptop 14s-dq2xxx manufactured by HP
# Runtime-ID: 935a669d-1805-4c75-8ced-f264e45b9e40

2024-01-26 23:48:44.897 [09] - INFO: Initiating startup procedure...
2024-01-26 23:48:44.957 [09] - INFO: Loading text data...
2024-01-26 23:48:44.957 [09] - DEBUG: [Text] System language is 'en', trying to load data...
2024-01-26 23:48:44.965 [09] - DEBUG: [Text] Data successfully loaded.
2024-01-26 23:48:44.966 [09] - INFO: Starting communication host...
2024-01-26 23:48:44.997 [06] - DEBUG: [RuntimeHost] Communication host is opening...
2024-01-26 23:48:45.056 [06] - DEBUG: [RuntimeHost] Communication host has been opened.
2024-01-26 23:48:45.058 [06] - DEBUG: [RuntimeHost] Successfully started communication host for endpoint 'net.pipe://localhost/safeexambrowser/runtime/e8240ee1-939d-4086-a3a1-f6cabefe6e43'.
2024-01-26 23:48:45.059 [09] - INFO: Attempting to verify application integrity...
2024-01-26 23:48:45.194 [09] - INFO: Application integrity successfully verified.
2024-01-26 23:48:45.196 [09] - INFO: Application successfully initialized.

2024-01-26 23:48:45.237 [09] - INFO: ### ------------------------------------ Session Start Procedure ------------------------------------- ###
2024-01-26 23:48:45.239 [09] - INFO: Initializing new session configuration...
2024-01-26 23:48:45.240 [09] - INFO:  -> Client-ID: 20a12502-5fc6-43b3-a73f-17dda48c528e
2024-01-26 23:48:45.244 [09] - INFO:  -> Runtime-ID: 935a669d-1805-4c75-8ced-f264e45b9e40
2024-01-26 23:48:45.245 [09] - INFO:  -> Session-ID: 7acba6da-2ce3-4b17-a34f-83690fe03b6d
2024-01-26 23:48:45.246 [09] - INFO: Initializing application configuration...
2024-01-26 23:48:45.248 [09] - INFO: Found command-line argument for configuration resource: 'file:///C:/Users/hp/Downloads/E-Box_Browser.seb', the URI is valid.
2024-01-26 23:48:45.266 [09] - INFO: [ConfigurationRepository] Initialized default settings, now attempting to load 'file:///C:/Users/hp/AppData/Roaming/SafeExamBrowser/SebClientSettings.seb'...
2024-01-26 23:48:45.277 [09] - DEBUG: [FileResourceLoader] Can load 'file:///C:/Users/hp/AppData/Roaming/SafeExamBrowser/SebClientSettings.seb' as it is an existing file.
2024-01-26 23:48:45.281 [09] - DEBUG: [FileResourceLoader] Loading data from 'file:///C:/Users/hp/AppData/Roaming/SafeExamBrowser/SebClientSettings.seb'...
2024-01-26 23:48:45.281 [09] - DEBUG: [FileResourceLoader] Created 'System.IO.FileStream' for 3.725 KB data in 'file:///C:/Users/hp/AppData/Roaming/SafeExamBrowser/SebClientSettings.seb'.
2024-01-26 23:48:45.281 [09] - INFO: [ConfigurationRepository] Tried to load data from 'file:///C:/Users/hp/AppData/Roaming/SafeExamBrowser/SebClientSettings.seb' using FileResourceLoader -> Result: Success.
2024-01-26 23:48:45.295 [09] - DEBUG: [BinaryParser] 'System.IO.FileStream' starting with 'pwcc' matches the Binary format.
2024-01-26 23:48:45.299 [09] - DEBUG: [GZipCompressor] Starting decompression of 'System.IO.FileStream' with 3.725 KB data...
2024-01-26 23:48:45.299 [09] - DEBUG: [GZipCompressor] Successfully decompressed 3.725 KB to 3.702 KB data.
2024-01-26 23:48:45.305 [09] - DEBUG: [BinaryParser] Attempting to parse password block with prefix 'pwcc'...
2024-01-26 23:48:45.305 [09] - DEBUG: [PasswordEncryption] Parsing encryption header...
2024-01-26 23:48:45.315 [09] - DEBUG: [PasswordEncryption] Generating keys for authentication and decryption...
2024-01-26 23:48:45.470 [09] - DEBUG: [PasswordEncryption] Generating HMACs for authentication...
2024-01-26 23:48:45.474 [09] - DEBUG: [PasswordEncryption] Decrypting data...
2024-01-26 23:48:45.474 [09] - DEBUG: [GZipCompressor] Starting decompression of 'System.IO.MemoryStream' with 3.631 KB data...
2024-01-26 23:48:45.476 [09] - DEBUG: [GZipCompressor] Successfully decompressed 3.631 KB to 45.877 KB data.
2024-01-26 23:48:45.476 [09] - DEBUG: [BinaryParser] Attempting to parse plain data block...
2024-01-26 23:48:45.479 [09] - DEBUG: [XmlParser] Found root node, starting to parse data...
2024-01-26 23:48:45.484 [09] - DEBUG: [XmlParser] Finished parsing -> Result: Success.
2024-01-26 23:48:45.485 [09] - INFO: [ConfigurationRepository] Tried to parse data from 'System.IO.FileStream' using BinaryParser -> Result: Success.
2024-01-26 23:48:45.509 [09] - INFO: [ConfigurationRepository] Initialized default settings, now attempting to load 'file:///C:/Users/hp/Downloads/E-Box_Browser.seb'...
2024-01-26 23:48:45.509 [09] - DEBUG: [FileResourceLoader] Can load 'file:///C:/Users/hp/Downloads/E-Box_Browser.seb' as it is an existing file.
2024-01-26 23:48:45.514 [09] - DEBUG: [FileResourceLoader] Loading data from 'file:///C:/Users/hp/Downloads/E-Box_Browser.seb'...
2024-01-26 23:48:45.514 [09] - DEBUG: [FileResourceLoader] Created 'System.IO.FileStream' for 3.773 KB data in 'file:///C:/Users/hp/Downloads/E-Box_Browser.seb'.
2024-01-26 23:48:45.514 [09] - INFO: [ConfigurationRepository] Tried to load data from 'file:///C:/Users/hp/Downloads/E-Box_Browser.seb' using FileResourceLoader -> Result: Success.
2024-01-26 23:48:45.514 [09] - DEBUG: [BinaryParser] 'System.IO.FileStream' starting with 'pwcc' matches the Binary format.
2024-01-26 23:48:45.514 [09] - DEBUG: [GZipCompressor] Starting decompression of 'System.IO.FileStream' with 3.773 KB data...
2024-01-26 23:48:45.514 [09] - DEBUG: [GZipCompressor] Successfully decompressed 3.773 KB to 3.75 KB data.
2024-01-26 23:48:45.514 [09] - DEBUG: [BinaryParser] Attempting to parse password block with prefix 'pwcc'...
2024-01-26 23:48:45.520 [09] - DEBUG: [PasswordEncryption] Parsing encryption header...
2024-01-26 23:48:45.520 [09] - DEBUG: [PasswordEncryption] Generating keys for authentication and decryption...
2024-01-26 23:48:45.644 [09] - DEBUG: [PasswordEncryption] Generating HMACs for authentication...
2024-01-26 23:48:45.648 [09] - DEBUG: [PasswordEncryption] Decrypting data...
2024-01-26 23:48:45.648 [09] - DEBUG: [GZipCompressor] Starting decompression of 'System.IO.MemoryStream' with 3.679 KB data...
2024-01-26 23:48:45.648 [09] - DEBUG: [GZipCompressor] Successfully decompressed 3.679 KB to 45.919 KB data.
2024-01-26 23:48:45.648 [09] - DEBUG: [BinaryParser] Attempting to parse plain data block...
2024-01-26 23:48:45.648 [09] - DEBUG: [XmlParser] Found root node, starting to parse data...
2024-01-26 23:48:45.648 [09] - DEBUG: [XmlParser] Finished parsing -> Result: Success.
2024-01-26 23:48:45.654 [09] - INFO: [ConfigurationRepository] Tried to parse data from 'System.IO.FileStream' using BinaryParser -> Result: Success.
2024-01-26 23:48:45.654 [09] - INFO: Starting client configuration...
2024-01-26 23:48:45.654 [09] - INFO: Authentication is not required.
2024-01-26 23:48:45.654 [09] - INFO: [ConfigurationRepository] Attempting to configure local client with 'file:///C:/Users/hp/Downloads/E-Box_Browser.seb'...
2024-01-26 23:48:45.654 [09] - DEBUG: [FileResourceLoader] Can load 'file:///C:/Users/hp/Downloads/E-Box_Browser.seb' as it is an existing file.
2024-01-26 23:48:45.654 [09] - DEBUG: [FileResourceLoader] Loading data from 'file:///C:/Users/hp/Downloads/E-Box_Browser.seb'...
2024-01-26 23:48:45.654 [09] - DEBUG: [FileResourceLoader] Created 'System.IO.FileStream' for 3.773 KB data in 'file:///C:/Users/hp/Downloads/E-Box_Browser.seb'.
2024-01-26 23:48:45.654 [09] - INFO: [ConfigurationRepository] Tried to load data from 'file:///C:/Users/hp/Downloads/E-Box_Browser.seb' using FileResourceLoader -> Result: Success.
2024-01-26 23:48:45.654 [09] - DEBUG: [BinaryParser] 'System.IO.FileStream' starting with 'pwcc' matches the Binary format.
2024-01-26 23:48:45.654 [09] - DEBUG: [GZipCompressor] Starting decompression of 'System.IO.FileStream' with 3.773 KB data...
2024-01-26 23:48:45.664 [09] - DEBUG: [GZipCompressor] Successfully decompressed 3.773 KB to 3.75 KB data.
2024-01-26 23:48:45.664 [09] - DEBUG: [BinaryParser] Attempting to parse password block with prefix 'pwcc'...
2024-01-26 23:48:45.664 [09] - DEBUG: [PasswordEncryption] Parsing encryption header...
2024-01-26 23:48:45.664 [09] - DEBUG: [PasswordEncryption] Generating keys for authentication and decryption...
2024-01-26 23:48:45.789 [09] - DEBUG: [PasswordEncryption] Generating HMACs for authentication...
2024-01-26 23:48:45.790 [09] - DEBUG: [PasswordEncryption] Decrypting data...
2024-01-26 23:48:45.790 [09] - DEBUG: [GZipCompressor] Starting decompression of 'System.IO.MemoryStream' with 3.679 KB data...
2024-01-26 23:48:45.790 [09] - DEBUG: [GZipCompressor] Successfully decompressed 3.679 KB to 45.919 KB data.
2024-01-26 23:48:45.794 [09] - DEBUG: [BinaryParser] Attempting to parse plain data block...
2024-01-26 23:48:45.794 [09] - DEBUG: [XmlParser] Found root node, starting to parse data...
2024-01-26 23:48:45.794 [09] - DEBUG: [XmlParser] Finished parsing -> Result: Success.
2024-01-26 23:48:45.794 [09] - INFO: [ConfigurationRepository] Tried to parse data from 'System.IO.FileStream' using BinaryParser -> Result: Success.
2024-01-26 23:48:45.794 [09] - DEBUG: [BinarySerializer] Attempting to serialize plain data block...
2024-01-26 23:48:45.794 [09] - DEBUG: [XmlSerializer] Starting to serialize data...
2024-01-26 23:48:45.806 [09] - DEBUG: [XmlSerializer] Finished serialization -> Result: Success.
2024-01-26 23:48:45.806 [09] - DEBUG: [GZipCompressor] Starting compression of 'System.IO.MemoryStream' with 45.877 KB data...
2024-01-26 23:48:45.806 [09] - DEBUG: [GZipCompressor] Successfully compressed 45.877 KB to 3.631 KB data.
2024-01-26 23:48:45.806 [09] - DEBUG: [BinarySerializer] Attempting to serialize password block...
2024-01-26 23:48:45.806 [09] - DEBUG: [PasswordEncryption] Generating keys for authentication and encryption...
2024-01-26 23:48:45.934 [09] - DEBUG: [PasswordEncryption] Encrypting data...
2024-01-26 23:48:45.934 [09] - DEBUG: [PasswordEncryption] Writing encryption parameters...
2024-01-26 23:48:45.939 [09] - DEBUG: [PasswordEncryption] Generating HMAC for authentication...
2024-01-26 23:48:45.939 [09] - DEBUG: [GZipCompressor] Starting compression of 'System.IO.MemoryStream' with 3.702 KB data...
2024-01-26 23:48:45.939 [09] - DEBUG: [GZipCompressor] Successfully compressed 3.702 KB to 3.725 KB data.
2024-01-26 23:48:45.939 [09] - INFO: [ConfigurationRepository] Tried to serialize data as 'Binary' using BinarySerializer -> Result: Success.
2024-01-26 23:48:45.939 [09] - DEBUG: [FileResourceSaver] Can save data as 'file:///C:/Users/hp/AppData/Roaming/SafeExamBrowser/SebClientSettings.seb' since it defines an absolute file path.
2024-01-26 23:48:45.939 [09] - DEBUG: [FileResourceSaver] Attempting to save 'System.IO.MemoryStream' with 3.725 KB data as 'file:///C:/Users/hp/AppData/Roaming/SafeExamBrowser/SebClientSettings.seb'...
2024-01-26 23:48:45.944 [09] - DEBUG: [FileResourceSaver] Successfully saved data as 'file:///C:/Users/hp/AppData/Roaming/SafeExamBrowser/SebClientSettings.seb'.
2024-01-26 23:48:45.944 [09] - INFO: [ConfigurationRepository] Tried to save data as 'file:///C:/Users/hp/AppData/Roaming/SafeExamBrowser/SebClientSettings.seb' using FileResourceSaver -> Result: Success.
2024-01-26 23:48:45.944 [09] - INFO: Client configuration was successful.
2024-01-26 23:49:14.206 [09] - INFO: The user chose to continue startup after successful client configuration.
2024-01-26 23:49:14.207 [09] - INFO: The configuration was successful.
2024-01-26 23:49:14.213 [09] - INFO: Validating version restrictions...
2024-01-26 23:49:14.213 [09] - INFO: There are no version restrictions for the configuration.
2024-01-26 23:49:14.222 [09] - INFO: Remote proctoring is disabled, skipping disclaimer.
2024-01-26 23:49:14.226 [09] - INFO: Validating remote session policy...
2024-01-26 23:49:14.226 [09] - DEBUG: [RemoteSessionDetector] System appears not to be running in a remote session.
2024-01-26 23:49:14.234 [09] - INFO: Attempting to verify cursor configuration...
2024-01-26 23:49:14.242 [09] - INFO: Cursor configuration successfully verified.
2024-01-26 23:49:14.246 [09] - INFO: Attempting to verify ease of access configuration...
2024-01-26 23:49:14.246 [09] - INFO: Ease of access configuration successfully verified.
2024-01-26 23:49:14.246 [09] - INFO: Validating virtual machine policy...
2024-01-26 23:49:14.254 [09] - INFO: Validating display configuration...
2024-01-26 23:49:14.337 [09] - INFO: [DisplayMonitor] Detected active, internal display 'DISPLAY\CMN142D\4&5140842&0&UID8388688_0' connected via 'Internal'.
2024-01-26 23:49:14.338 [09] - INFO: [DisplayMonitor] Detected 1 active displays, 1 are allowed.
2024-01-26 23:49:14.338 [09] - INFO: Display configuration is allowed.
2024-01-26 23:49:14.338 [09] - INFO: Initializing service...
2024-01-26 23:49:14.338 [09] - INFO: The service will be ignored for the next session.
2024-01-26 23:49:14.349 [09] - INFO: Initializing kiosk mode 'CreateNewDesktop'...
2024-01-26 23:49:14.354 [09] - DEBUG: [DesktopFactory] Found desktop handle for thread with ID = 15752. Attempting to get desktop name...
2024-01-26 23:49:14.356 [09] - DEBUG: [DesktopFactory] Successfully determined current desktop 'Default' [324].
2024-01-26 23:49:14.356 [09] - INFO: Current desktop is 'Default' [324].
2024-01-26 23:49:14.356 [09] - DEBUG: [DesktopFactory] Attempting to create random desktop...
2024-01-26 23:49:14.365 [09] - DEBUG: [DesktopFactory] Successfully created random desktop 'JpcAYibgIFQso' [6409].
2024-01-26 23:49:14.367 [09] - INFO: Created custom desktop 'JpcAYibgIFQso' [6409].
2024-01-26 23:49:14.387 [09] - INFO: Successfully activated custom desktop.
2024-01-26 23:49:14.397 [09] - INFO: [DesktopMonitor] Started monitoring desktop 'JpcAYibgIFQso' [6409].
2024-01-26 23:49:14.397 [09] - INFO: Starting new client process...
2024-01-26 23:49:14.397 [09] - INFO: [ProcessFactory] Attempting to start process 'C:\Program Files\SafeExamBrowser\Application\SafeExamBrowser.Client.exe'...
2024-01-26 23:49:14.397 [09] - ERROR: [ProcessFactory] Failed to start process 'C:\Program Files\SafeExamBrowser\Application\SafeExamBrowser.Client.exe' on desktop ''JpcAYibgIFQso' [6409]'! Error code: 2.
2024-01-26 23:49:14.413 [09] - ERROR: Caught unexpected exception while performing operation 'ClientOperation'!

   Exception Message: The system cannot find the file specified
   Exception Type: System.ComponentModel.Win32Exception

   at SafeExamBrowser.WindowsApi.Processes.ProcessFactory.StartOnDesktop(String path, String[] args) in C:\Users\appveyor\projects\seb-win-refactoring-phv3mbelx16fm9ou\SafeExamBrowser.WindowsApi\Processes\ProcessFactory.cs:line 207
   at SafeExamBrowser.WindowsApi.Processes.ProcessFactory.StartNew(String path, String[] args) in C:\Users\appveyor\projects\seb-win-refactoring-phv3mbelx16fm9ou\SafeExamBrowser.WindowsApi\Processes\ProcessFactory.cs:line 63
   at SafeExamBrowser.Runtime.Operations.ClientOperation.TryStartClient() in C:\Users\appveyor\projects\seb-win-refactoring-phv3mbelx16fm9ou\SafeExamBrowser.Runtime\Operations\ClientOperation.cs:line 119
   at SafeExamBrowser.Runtime.Operations.ClientOperation.Perform() in C:\Users\appveyor\projects\seb-win-refactoring-phv3mbelx16fm9ou\SafeExamBrowser.Runtime\Operations\ClientOperation.cs:line 67
   at SafeExamBrowser.Core.OperationModel.OperationSequence.Perform() in C:\Users\appveyor\projects\seb-win-refactoring-phv3mbelx16fm9ou\SafeExamBrowser.Core\OperationModel\OperationSequence.cs:line 108

2024-01-26 23:49:14.432 [09] - INFO: Reverting kiosk mode 'CreateNewDesktop'...
2024-01-26 23:49:14.432 [09] - INFO: [DesktopMonitor] Stopped monitoring desktop 'JpcAYibgIFQso' [6409].
2024-01-26 23:49:14.464 [09] - INFO: Switched back to original desktop 'Default' [324].
2024-01-26 23:49:14.469 [09] - INFO: Closed custom desktop 'JpcAYibgIFQso' [6409].
2024-01-26 23:49:14.476 [09] - INFO: Finalizing service...
2024-01-26 23:49:14.476 [09] - INFO: ### -------------------------------------- Session Start Failed -------------------------------------- ###

2024-01-26 23:49:16.141 [08] - INFO: Initiating shutdown procedure...
2024-01-26 23:49:16.141 [08] - INFO: Stopping communication host...
2024-01-26 23:49:16.146 [08] - DEBUG: [RuntimeHost] Communication host is closing...
2024-01-26 23:49:16.155 [08] - DEBUG: [RuntimeHost] Communication host has been closed.
2024-01-26 23:49:16.155 [08] - DEBUG: [RuntimeHost] Terminated communication host for endpoint 'net.pipe://localhost/safeexambrowser/runtime/e8240ee1-939d-4086-a3a1-f6cabefe6e43'.
2024-01-26 23:49:16.156 [08] - INFO: Application successfully finalized.

# Application terminated at 2024-01-26 23:49:16.196
