2024-01-06T05:51:55.096519+05:30 0x00004260         RoomsPlatformUtils: Process invoked without rooms flag, no platform ID override provided
2024-01-06T05:51:55.143837+05:30 0x00004260         TelemetryService: Sampling rules from previous session recovered
2024-01-06T05:51:55.144854+05:30 0x00004260         BackgroundTaskBase: Registering msteamsupdate.exe as bgtask com server for task: TeamsAsyncUpdaterTask
2024-01-06T05:51:55.144854+05:30 0x00004260         Scenario: shell_bgtask_comserverregistration [start,success] Scenario.Status:success, Scenario.Step:start, delta:0, elapsed:0, elapsedSinceProcessStart:229, sequence:0
2024-01-06T05:51:55.156554+05:30 0x00001020         AsyncUpdaterTask: Starting updater background task
2024-01-06T05:51:55.156554+05:30 0x00001020         Scenario: shell_ecs_refresh [start,success] Scenario.Status:success, Scenario.Step:start, delta:0, elapsed:0, elapsedSinceProcessStart:240, sequence:0
2024-01-06T05:51:55.178781+05:30 0x00001020         Scenario: shell_peristent_storage_read [start,success] Scenario.Status:success, Scenario.Step:start, delta:0, elapsed:22, elapsedSinceProcessStart:262, sequence:0
2024-01-06T05:51:55.178781+05:30 0x00001020         TelemetryService: Restored sampling rules from previous session
2024-01-06T05:51:55.178781+05:30 0x00001020         Scenario: shell_peristent_storage_read [stop,abandoned] InstanceId:9d800fbb-2700-4fac-b6ce-a29fee6c7fa9, Scenario.Mode:1, Scenario.Name:shell_peristent_storage_read, Scenario.Status:abandoned, Scenario.Step:stop, delta:0, elapsed:22, elapsedSinceProcessStart:262, error:no such file or directory, fileName:configuration.json, previousStep:start, sequence:1, stepDelta:0
2024-01-06T05:51:55.182674+05:30 0x00001020         Scenario: shell_peristent_storage_read [start,success] Scenario.Status:success, Scenario.Step:start, delta:0, elapsed:26, elapsedSinceProcessStart:266, sequence:0
2024-01-06T05:51:55.185984+05:30 0x00001020         Scenario: shell_peristent_storage_read [stop,success] InstanceId:78501192-268c-40cb-8e11-0cdbabf63e76, Scenario.Mode:1, Scenario.Name:shell_peristent_storage_read, Scenario.Status:success, Scenario.Step:stop, delta:4, elapsed:30, elapsedSinceProcessStart:270, fileName:ecs_request_param.json, previousStep:start, sequence:1, stepDelta:4
2024-01-06T05:51:55.185984+05:30 0x00001020         TelemetryService: No primary user detected during a SetUserTenantId Call, setting 9188040d-6c67-4c5b-b112-36a304b66dad as default tenant
2024-01-06T05:51:55.186621+05:30 0x00001020         TelemetryService: No primary user detected during a SetUserId Call, setting 00000000-0000-0000-62aa-a459c0f5ddb0 as UserInfo_Id
2024-01-06T05:51:55.186621+05:30 0x00001020         AsyncUpdaterTask: Starting ecs fetch
2024-01-06T05:51:55.192010+05:30 0x00001020         Scenario: shell_ecs_cache [start,success] Scenario.Status:success, Scenario.Step:start, delta:0, elapsed:40, elapsedSinceProcessStart:280, sequence:0
2024-01-06T05:51:55.192010+05:30 0x00001020         Scenario: shell_ecs_cache [stop,success] InstanceId:623d32d3-d34d-4f8f-b698-f37773589da6, LatestVersion:23306.3309.2530.1346, LatestVersionPath:/BuildSettings/WebView2/x64/latestVersion, Scenario.Mode:1, Scenario.Name:shell_ecs_cache, Scenario.Status:success, Scenario.Step:stop, StatusCode:200, TeamsBuilds:["arm64","x64","x86"], TeamsWebView2:["app","auth","autostart","core","deviceCapability","ecs","extensibility","hfpCallManager","logging","meetNow","nativeModules","nbaFinalExperience","security","systemTray","taskbar","telemetry","thirdPartyDevices","tma","toasts","update","uxStateError","webLauncher","webNrc","webview","windowcontrols"], configExpiryTimeInSec:0, delta:4, elapsed:44, elapsedSinceProcessStart:284, expiry:Fri, 05 Jan 2024 13:06:53 GMT, previousStep:start, process:updater, requestParameters:{"ClientId":"bd110a4b-f054-4e40-b9c1-6c0e4e4f46ac","aaduserid":"00000000-0000-0000-62aa-a459c0f5ddb0","agents":"TeamsBuilds,TeamsWebview2","audience":"general","cloud":"Consumer","cpuarch":"x64","desktopVersion":"23306.3309.2530.1346","environment":"life","id":"00000000-0000-0000-62aa-a459c0f5ddb0","osplatform":"windows","osversion":"10.0.22631","teamslocale":"en-us","teamsring":"general","tenantId":"9188040d-6c67-4c5b-b112-36a304b66dad"}, sequence:1, stepDelta:4
2024-01-06T05:51:55.192010+05:30 0x00001020         EcsFetchCompletion: Ecs settings less than 60s to expiring. Keeping bg task alive until then
2024-01-06T05:51:55.192010+05:30 0x00001020         AsyncUpdaterTask: Using cancellation flow version 0
2024-01-06T05:52:55.192994+05:30 0x00001020         AsyncUpdaterTask: Completed ecs fetch. Result is 258
2024-01-06T05:52:55.192994+05:30 0x00001020         Scenario: shell_ecs_refresh [stop,timeout] InstanceId:2dc81409-bdc2-4a69-9642-7747241fd735, Scenario.Mode:1, Scenario.Name:shell_ecs_refresh, Scenario.Status:timeout, Scenario.Step:stop, delta:120000, elapsed:120000, elapsedSinceProcessStart:120240, previousStep:start, reason:Fetch exceeded 60s in update background task, sequence:1, stepDelta:120000
2024-01-06T05:52:55.192994+05:30 0x00001020         GetBuildDaysTillEnd: Current build age is: 65
2024-01-06T05:52:55.192994+05:30 0x00001020         Scenario: shell_msix_update [start,success] Scenario.Status:success, Scenario.Step:start, delta:0, elapsed:60048, elapsedSinceProcessStart:60288, sequence:0
2024-01-06T05:52:55.192994+05:30 0x00001020 <ERROR> DeploymentProviderMSIX: Already up to date
2024-01-06T05:52:55.208500+05:30 0x00001020 <ERROR> WIL: msteamsupdate.exe!00007FF6DA8ACCC4: LogHr(1) tid(1020) 800704C7 The operation was canceled by the user.
2024-01-06T05:52:55.209547+05:30 0x00001020 <ERROR> WIL: msteamsupdate.exe!00007FF6DA9EC0C6: ReturnHr(1) tid(1020) 800704C7 The operation was canceled by the user.
    Msg:[winrt::hresult_error: The operation was canceled by the user.] 
2024-01-06T05:52:55.218883+05:30 0x00001020         Scenario: shell_msix_update [stop,incomplete] CurrentVersion:23306.3309.2530.1346, DeviceInfo_OfficeMachineId:6a39ac0b-9423-cc4f-a270-2d625290fd50, ErrorText:, ExtendedErrorCode:0x0
, GenericErrorCode:0x800704c7
, InstanceId:7281aca7-54c7-4054-9150-f4e4102433d3, LatestVersion:23306.3309.2530.1346, Scenario.Mode:3, Scenario.Name:shell_msix_update, Scenario.Status:incomplete, Scenario.Step:stop, Scenario.Steps:[{"Scenario.Status":"incomplete","Scenario.Step":"stop","delta":6,"elapsed":60054,"elapsedSinceProcessStart":60294,"previousStep":"start","sequence":1,"stepDelta":6}], Scenario.StepsEx:[{"CurrentVersion":"23306.3309.2530.1346","DeviceInfo_OfficeMachineId":"6a39ac0b-9423-cc4f-a270-2d625290fd50","ErrorText":"","ExtendedErrorCode":"0x0\n","GenericErrorCode":"0x800704c7\n","LatestVersion":"23306.3309.2530.1346","UpdateCheckReason":"BgUpdateCheck","UpdateFailureCount":0,"UpdateUrl":"https://statics.teams.cdn.office.net/production-windows-x64/23306.3309.2530.1346/MicrosoftTeams-x64.msix"}], UpdateCheckReason:BgUpdateCheck, UpdateFailureCount:0, UpdateUrl:https://statics.teams.cdn.office.net/production-windows-x64/23306.3309.2530.1346/MicrosoftTeams-x64.msix, delta:6, elapsed:60054, elapsedSinceProcessStart:60294, previousStep:start, sequence:1, stepDelta:6
2024-01-06T05:52:55.219395+05:30 0x00001020         Scenario: shell_install_msi_addin [start,success] Scenario.Status:success, Scenario.Step:start, delta:0, elapsed:60064, elapsedSinceProcessStart:60304, sequence:0
2024-01-06T05:52:55.224423+05:30 0x00001020         Scenario: shell_install_msi_addin [stop,abandoned] InstanceId:88f2cef0-ec21-4fa5-ba27-c5393d90e9a6, Scenario.Mode:3, Scenario.Name:shell_install_msi_addin, Scenario.Status:abandoned, Scenario.Step:stop, Scenario.Steps:[{"Scenario.Status":"abandoned","Scenario.Step":"stop","delta":2,"elapsed":60066,"elapsedSinceProcessStart":60306,"previousStep":"start","sequence":1,"stepDelta":2}], Scenario.StepsEx:[{"UpdateCheckReason":"BackgroundUpdate","reason":"flag_off"}], UpdateCheckReason:BackgroundUpdate, delta:2, elapsed:60066, elapsedSinceProcessStart:60306, previousStep:start, reason:flag_off, sequence:1, stepDelta:2
2024-01-06T05:52:55.227301+05:30 0x00001020         AsyncUpdaterTask: Updater task completed
2024-01-06T05:52:55.227818+05:30 0x00004260         BackgroundTaskBase: updater background task cancel request received
2024-01-06T05:52:55.228449+05:30 0x00004260         Scenario: shell_msix_update [start,success] Scenario.Status:success, Scenario.Step:start, delta:0, elapsed:60083, elapsedSinceProcessStart:60312, sequence:0
2024-01-06T05:52:55.229633+05:30 0x00004260         Scenario: shell_msix_update [stop,abandoned] InstanceId:e43dd046-e3a2-4cbb-a5d2-36e778c8c5a1, Scenario.Mode:3, Scenario.Name:shell_msix_update, Scenario.Status:abandoned, Scenario.Step:stop, Scenario.Steps:[{"Scenario.Status":"abandoned","Scenario.Step":"stop","delta":0,"elapsed":60083,"elapsedSinceProcessStart":60312,"previousStep":"start","sequence":1,"stepDelta":0}], Scenario.StepsEx:[{"bgTaskCancelReason":9}], bgTaskCancelReason:9, delta:0, elapsed:60083, elapsedSinceProcessStart:60312, previousStep:start, sequence:1, stepDelta:0
2024-01-06T05:52:55.229633+05:30 0x00004260         Scenario: shell_bgtask_comserverregistration [stop,success] InstanceId:c91ae134-0364-4b94-b3db-eb4c38c6d4f2, Scenario.Mode:3, Scenario.Name:shell_bgtask_comserverregistration, Scenario.Status:success, Scenario.Step:stop, Scenario.Steps:[{"Scenario.Status":"success","Scenario.Step":"stop","delta":60085,"elapsed":60085,"elapsedSinceProcessStart":60314,"previousStep":"start","sequence":1,"stepDelta":60085}], Scenario.StepsEx:[{"taskName":"TeamsAsyncUpdaterTask"}], delta:60085, elapsed:60085, elapsedSinceProcessStart:60314, previousStep:start, sequence:1, stepDelta:60085, taskName:TeamsAsyncUpdaterTask
2024-01-06T05:52:56.341393+05:30 0x00004260         TelemetryService: Telemetry service stopped
