2024-01-16T14:14:17.131471+05:30 0x00004620 <INFO> RoomsPlatformUtils: Process invoked without rooms flag, no platform ID override provided
2024-01-16T14:14:17.133841+05:30 0x00001d14 <INFO> SingleThreadedWorker: Waiting for Work on worker thread : TelemetryServiceWorker
2024-01-16T14:14:17.173361+05:30 0x00004620 <INFO> TelemetryService: Sampling rules from previous session recovered
2024-01-16T14:14:17.175556+05:30 0x00004620 <INFO> BackgroundTaskBase: Registering msteamsupdate.exe as bgtask com server for task: TeamsEcsTask
2024-01-16T14:14:17.175556+05:30 0x00004620 <INFO> Scenario: shell_bgtask_comserverregistration [start,success] Scenario.Status:success, Scenario.Step:start, delta:0, elapsed:0, elapsedSinceProcessStart:186, sequence:0
2024-01-16T14:14:17.188110+05:30 0x000011f8 <INFO> EcsBackgroundTask: Starting ecs background task
2024-01-16T14:14:17.188110+05:30 0x000011f8 <INFO> Scenario: shell_ecs_refresh [start,success] Scenario.Status:success, Scenario.Step:start, delta:0, elapsed:0, elapsedSinceProcessStart:199, sequence:0
2024-01-16T14:14:17.208544+05:30 0x000011f8 <INFO> Scenario: shell_peristent_storage_read [start,success] Scenario.Status:success, Scenario.Step:start, delta:0, elapsed:21, elapsedSinceProcessStart:220, sequence:0
2024-01-16T14:14:17.208544+05:30 0x000011f8 <INFO> TelemetryService: Restored sampling rules from previous session
2024-01-16T14:14:17.208544+05:30 0x000011f8 <INFO> Scenario: shell_peristent_storage_read [stop,abandoned] InstanceId:05ea3821-93a1-4339-b4e7-3fc67f7c3f33, Scenario.Mode:1, Scenario.Name:shell_peristent_storage_read, Scenario.Status:abandoned, Scenario.Step:stop, delta:0, elapsed:21, elapsedSinceProcessStart:220, error:no such file or directory, fileName:configuration.json, previousStep:start, sequence:1, stepDelta:0
2024-01-16T14:14:17.212413+05:30 0x000011f8 <INFO> Scenario: shell_peristent_storage_read [start,success] Scenario.Status:success, Scenario.Step:start, delta:0, elapsed:25, elapsedSinceProcessStart:224, sequence:0
2024-01-16T14:14:17.216947+05:30 0x000011f8 <INFO> Scenario: shell_peristent_storage_read [stop,success] InstanceId:3c88b5dd-d5f2-46f0-8bcb-a2c9c00d4551, Scenario.Mode:1, Scenario.Name:shell_peristent_storage_read, Scenario.Status:success, Scenario.Step:stop, delta:4, elapsed:29, elapsedSinceProcessStart:228, fileName:ecs_request_param.json, previousStep:start, sequence:1, stepDelta:4
2024-01-16T14:14:17.216947+05:30 0x000011f8 <INFO> TelemetryService: No primary user detected during a SetUserTenantId Call, setting 9188040d-6c67-4c5b-b112-36a304b66dad as default tenant
2024-01-16T14:14:17.217993+05:30 0x000011f8 <INFO> TelemetryService: No primary user detected during a SetUserId Call, setting 00000000-0000-0000-62aa-a459c0f5ddb0 as UserInfo_Id
2024-01-16T14:14:17.226047+05:30 0x000011f8 <INFO> Scenario: shell_ecs_cache [start,success] Scenario.Status:success, Scenario.Step:start, delta:0, elapsed:38, elapsedSinceProcessStart:237, sequence:0
2024-01-16T14:14:17.230053+05:30 0x000011f8 <INFO> Scenario: shell_ecs_cache [stop,success] InstanceId:3e05371f-9bdd-45e9-bc4c-184be587ce49, LatestVersion:23335.205.2559.726, LatestVersionPath:/BuildSettings/WebView2/x64/latestVersion, Scenario.Mode:1, Scenario.Name:shell_ecs_cache, Scenario.Status:success, Scenario.Step:stop, StatusCode:, TeamsBuilds:["arm64","x64","x86"], TeamsWebView2:["app","auth","autostart","core","deviceCapability","ecs","extensibility","hfpCallManager","logging","meetNow","nativeModules","nbaFinalExperience","security","systemTray","taskbar","telemetry","thirdPartyDevices","tma","toasts","update","uxStateError","webLauncher","webNrc","webview","windowcontrols"], configExpiryTimeInSec:0, delta:4, elapsed:42, elapsedSinceProcessStart:241, expiry:Tue, 16 Jan 2024 15:04:13 GMT, previousStep:start, process:updater, requestParameters:{"ClientId":"bd110a4b-f054-4e40-b9c1-6c0e4e4f46ac","aaduserid":"00000000-0000-0000-62aa-a459c0f5ddb0","agents":"TeamsBuilds,TeamsWebview2","audience":"general","cloud":"Consumer","cpuarch":"x64","desktopVersion":"23335.205.2559.726","environment":"life","id":"00000000-0000-0000-62aa-a459c0f5ddb0","osplatform":"windows","osversion":"10.0.22631","teamslocale":"en-us","teamsring":"general","tenantId":"9188040d-6c67-4c5b-b112-36a304b66dad"}, sequence:1, stepDelta:4
2024-01-16T14:14:17.230053+05:30 0x000011f8 <INFO> EcsFetchCompletion: Ecs settings are already up to date
2024-01-16T14:14:17.230053+05:30 0x000011f8 <INFO> Scenario: shell_ecs_refresh [stop,abandoned] InstanceId:a931b65a-befd-4d76-979e-c3df8f34b2e8, Scenario.Mode:1, Scenario.Name:shell_ecs_refresh, Scenario.Status:abandoned, Scenario.Step:stop, delta:42, elapsed:42, elapsedSinceProcessStart:241, previousStep:start, reason:up to date, sequence:1, stepDelta:42
2024-01-16T14:14:17.234230+05:30 0x000011f8 <INFO> EcsBackgroundTask: Completed ecs background task
2024-01-16T14:14:17.235057+05:30 0x00004620 <INFO> Scenario: shell_bgtask_comserverregistration [stop,success] InstanceId:2c89dfc5-b02b-4e87-9883-4ad0a831b349, Scenario.Mode:3, Scenario.Name:shell_bgtask_comserverregistration, Scenario.Status:success, Scenario.Step:stop, Scenario.Steps:[{"Scenario.Status":"success","Scenario.Step":"stop","delta":60,"elapsed":60,"elapsedSinceProcessStart":246,"previousStep":"start","sequence":1,"stepDelta":60}], Scenario.StepsEx:[{"taskName":"TeamsEcsTask"}], delta:60, elapsed:60, elapsedSinceProcessStart:246, previousStep:start, sequence:1, stepDelta:60, taskName:TeamsEcsTask
2024-01-16T14:14:18.280768+05:30 0x00004620 <INFO> TelemetryService: Telemetry service stopped
