2024-01-16 11:09:29.813 [CORE] Valid settings file not found. Using default values.
2024-01-16 11:09:29.814 [CORE] WinGet, version [1.6.3482], activity [{70931509-E57D-42CE-B2E4-AC52BC6BF55E}]
2024-01-16 11:09:29.815 [CORE] OS: Windows.Desktop v10.0.22631.3007
2024-01-16 11:09:29.815 [CORE] Command line Args: "C:\Program Files\WindowsApps\Microsoft.DesktopAppInstaller_1.21.3482.0_x64__8wekyb3d8bbwe\WindowsPackageManagerServer.exe" -Embedding
2024-01-16 11:09:29.815 [CORE] Package: Microsoft.DesktopAppInstaller v1.21.3482.0
2024-01-16 11:09:29.815 [CORE] IsCOMCall:1; Caller: C:\Windows\explorer.exe
2024-01-16 11:09:29.853 [REPO] Sending http GET request to: https://storeedgefd.dsx.mp.microsoft.com/v9.0/information
2024-01-16 11:09:30.286 [REPO] Response status: 200
2024-01-16 11:09:30.287 [REPO] Sending http GET request to: https://storeedgefd.dsx.mp.microsoft.com/v9.0/information
2024-01-16 11:09:30.380 [REPO] Response status: 200
2024-01-16 11:09:30.389 [REPO] Creating new SQLite Index with version [Latest] at ':memory:'
2024-01-16 11:09:30.389 [SQL ] Opening SQLite connection #1: ':memory:' [6, 0]
2024-01-16 11:09:30.450 [REPO] Reading MSI UpgradeCodes
2024-01-16 11:09:30.477 [REPO] Reading MSI UpgradeCodes
2024-01-16 11:09:30.507 [FAIL] C:\__w\1\s\external\pkg\src\AppInstallerRepositoryCore\Microsoft\Schema\1_0\Interface_1_0.cpp(197)\WindowsPackageManager.dll!00007FFEB086597D: (caller: 00007FFEB086BE09) Exception(1) tid(2048) 800700B7 Cannot create a file when that file already exists.

2024-01-16 11:09:30.509 [FAIL] C:\__w\1\s\external\pkg\src\AppInstallerRepositoryCore\Microsoft\Schema\1_0\Interface_1_0.cpp(197)\WindowsPackageManager.dll!00007FFEB086597D: (caller: 00007FFEB086BE09) Exception(2) tid(2048) 800700B7 Cannot create a file when that file already exists.

2024-01-16 11:09:30.514 [FAIL] C:\__w\1\s\external\pkg\src\AppInstallerRepositoryCore\Microsoft\Schema\1_0\Interface_1_0.cpp(197)\WindowsPackageManager.dll!00007FFEB086597D: (caller: 00007FFEB086BE09) Exception(3) tid(2048) 800700B7 Cannot create a file when that file already exists.

2024-01-16 11:09:30.520 [FAIL] C:\__w\1\s\external\pkg\src\AppInstallerRepositoryCore\Microsoft\Schema\1_0\Interface_1_0.cpp(197)\WindowsPackageManager.dll!00007FFEB086597D: (caller: 00007FFEB086BE09) Exception(4) tid(2048) 800700B7 Cannot create a file when that file already exists.

2024-01-16 11:09:30.547 [FAIL] C:\__w\1\s\external\pkg\src\AppInstallerRepositoryCore\Microsoft\Schema\1_0\Interface_1_0.cpp(197)\WindowsPackageManager.dll!00007FFEB086597D: (caller: 00007FFEB086BE09) Exception(5) tid(2048) 800700B7 Cannot create a file when that file already exists.

2024-01-16 11:09:30.552 [FAIL] C:\__w\1\s\external\pkg\src\AppInstallerRepositoryCore\Microsoft\Schema\1_0\Interface_1_0.cpp(197)\WindowsPackageManager.dll!00007FFEB086597D: (caller: 00007FFEB086BE09) Exception(6) tid(2048) 800700B7 Cannot create a file when that file already exists.

2024-01-16 11:09:30.556 [FAIL] C:\__w\1\s\external\pkg\src\AppInstallerRepositoryCore\Microsoft\Schema\1_0\Interface_1_0.cpp(197)\WindowsPackageManager.dll!00007FFEB086597D: (caller: 00007FFEB086BE09) Exception(7) tid(2048) 800700B7 Cannot create a file when that file already exists.

2024-01-16 11:09:30.570 [FAIL] C:\__w\1\s\external\pkg\src\AppInstallerRepositoryCore\Microsoft\Schema\1_0\Interface_1_0.cpp(197)\WindowsPackageManager.dll!00007FFEB086597D: (caller: 00007FFEB086BE09) Exception(8) tid(2048) 800700B7 Cannot create a file when that file already exists.

2024-01-16 11:09:30.598 [FAIL] C:\__w\1\s\external\pkg\src\AppInstallerRepositoryCore\Microsoft\Schema\1_0\Interface_1_0.cpp(197)\WindowsPackageManager.dll!00007FFEB086597D: (caller: 00007FFEB086BE09) Exception(9) tid(2048) 800700B7 Cannot create a file when that file already exists.

2024-01-16 11:09:30.672 [FAIL] C:\__w\1\s\external\pkg\src\AppInstallerRepositoryCore\Microsoft\Schema\1_0\Interface_1_0.cpp(197)\WindowsPackageManager.dll!00007FFEB086597D: (caller: 00007FFEB086BE09) Exception(10) tid(2048) 800700B7 Cannot create a file when that file already exists.

2024-01-16 11:09:30.912 [FAIL] C:\__w\1\s\external\pkg\src\AppInstallerRepositoryCore\Microsoft\Schema\1_0\Interface_1_0.cpp(197)\WindowsPackageManager.dll!00007FFEB086597D: (caller: 00007FFEB086BE09) Exception(11) tid(2048) 800700B7 Cannot create a file when that file already exists.

2024-01-16 11:09:30.929 [SQL ] Opening SQLite connection #2: ':memory:' [6, 0]
2024-01-16 11:09:30.950 [REPO] Finding available package from installed package using system reference search: Query:[none] Include:ProductCode='{771fd6b0-fa20-440a-a002-3b3bac16dc50}_is1'[Exact] Include:NormalizedNameAndPublisher='microsoftvisualstudiocode'+'microsoft'[Exact]
2024-01-16 11:09:30.961 [REPO] Opening SQLite Index for ReadWrite at 'C:\Users\hp\AppData\Local\Packages\Microsoft.DesktopAppInstaller_8wekyb3d8bbwe\LocalState\StoreEdgeFD\installed.db'
2024-01-16 11:09:30.961 [SQL ] Opening SQLite connection #3: 'C:\Users\hp\AppData\Local\Packages\Microsoft.DesktopAppInstaller_8wekyb3d8bbwe\LocalState\StoreEdgeFD\installed.db' [2, 0]
2024-01-16 11:09:30.963 [REPO] Opened SQLite Index with version [1.6], last write [2023-07-05 04:04:38.000]
2024-01-16 11:09:30.965 [REPO] Sending http POST request to: https://storeedgefd.dsx.mp.microsoft.com/v9.0/manifestSearch
2024-01-16 11:09:31.054 [REPO] Response status: 200
2024-01-16 11:09:31.063 [REPO] Opening pinning index
2024-01-16 11:09:31.063 [REPO] Opening existing pinning index
2024-01-16 11:09:31.063 [REPO] Opening SQLite Index for ReadWrite at 'C:\Users\hp\AppData\Local\Packages\Microsoft.DesktopAppInstaller_8wekyb3d8bbwe\LocalState\pinning.db'
2024-01-16 11:09:31.064 [SQL ] Opening SQLite connection #4: 'C:\Users\hp\AppData\Local\Packages\Microsoft.DesktopAppInstaller_8wekyb3d8bbwe\LocalState\pinning.db' [2, 0]
2024-01-16 11:09:31.064 [REPO] Opened Pinning Index with version [1.0], last write [2023-08-10 00:03:41.000]
2024-01-16 11:09:31.103 [SQL ] Opening SQLite connection #5: ':memory:' [6, 0]
2024-01-16 11:09:31.113 [REPO] Finding available package from installed package using system reference search: Query:[none] Include:ProductCode='{771fd6b0-fa20-440a-a002-3b3bac16dc50}_is1'[Exact] Include:NormalizedNameAndPublisher='microsoftvisualstudiocode'+'microsoft'[Exact]
2024-01-16 11:09:31.118 [REPO] Opening SQLite Index for ReadWrite at 'C:\Users\hp\AppData\Local\Packages\Microsoft.DesktopAppInstaller_8wekyb3d8bbwe\LocalState\Microsoft.Winget.Source_8wekyb3d8bbwe\installed.db'
2024-01-16 11:09:31.118 [SQL ] Opening SQLite connection #6: 'C:\Users\hp\AppData\Local\Packages\Microsoft.DesktopAppInstaller_8wekyb3d8bbwe\LocalState\Microsoft.Winget.Source_8wekyb3d8bbwe\installed.db' [2, 0]
2024-01-16 11:09:31.120 [REPO] Opened SQLite Index with version [1.6], last write [2023-10-29 13:51:04.000]
2024-01-16 11:09:31.129 [REPO] Opening pinning index
2024-01-16 11:09:31.129 [REPO] Opening existing pinning index
2024-01-16 11:09:31.129 [REPO] Opening SQLite Index for ReadWrite at 'C:\Users\hp\AppData\Local\Packages\Microsoft.DesktopAppInstaller_8wekyb3d8bbwe\LocalState\pinning.db'
2024-01-16 11:09:31.129 [SQL ] Opening SQLite connection #7: 'C:\Users\hp\AppData\Local\Packages\Microsoft.DesktopAppInstaller_8wekyb3d8bbwe\LocalState\pinning.db' [2, 0]
2024-01-16 11:09:31.130 [REPO] Opened Pinning Index with version [1.0], last write [2023-08-10 00:03:41.000]
